[21:27:12] [main/INFO] (FabricLoader/GameProvider) Loading Minecraft 1.19 with Fabric Loader 0.14.8
[21:27:12] [main/INFO] (FabricLoader) Loading 43 mods:
	- backrooms 0.0.1-1.19
	- fabric 0.57.0+1.19
	- fabric-api-base 0.4.9+e62f51a3a9
	- fabric-api-lookup-api-v1 1.6.7+9ff28f40a9
	- fabric-biome-api-v1 9.0.14+b2a4a624a9
	- fabric-blockrenderlayer-v1 1.1.18+9ff28f40a9
	- fabric-command-api-v2 2.1.2+0d55f585a9
	- fabric-content-registries-v0 3.2.0+07df213ea9
	- fabric-convention-tags-v1 1.0.8+37622d24a9
	- fabric-crash-report-info-v1 0.2.3+bd0a0d4aa9
	- fabric-data-generation-api-v1 5.1.1+a680b9b4a9
	- fabric-dimensions-v1 2.1.28+a6d2f785a9
	- fabric-entity-events-v1 1.4.16+9ff28f40a9
	- fabric-events-interaction-v0 0.4.26+9ff28f40a9
	- fabric-game-rule-api-v1 1.0.19+18990361a9
	- fabric-gametest-api-v1 1.0.32+e62f51a3a9
	- fabric-item-api-v1 1.5.4+767db26ea9
	- fabric-item-groups-v0 0.3.25+9ff28f40a9
	- fabric-key-binding-api-v1 1.0.18+9ff28f40a9
	- fabric-lifecycle-events-v1 2.1.0+33fbc738a9
	- fabric-loot-api-v2 1.1.0+03a4e568a9
	- fabric-message-api-v1 1.0.1+513f4a59a9
	- fabric-mining-level-api-v1 2.1.10+33fbc738a9
	- fabric-models-v0 0.3.15+9ff28f40a9
	- fabric-networking-api-v1 1.0.27+7fe97409a9
	- fabric-object-builder-api-v1 4.0.7+9ff28f40a9
	- fabric-particles-v1 1.0.8+dc39553aa9
	- fabric-registry-sync-v0 0.9.17+23c4cfefa9
	- fabric-renderer-api-v1 1.0.8+9ff28f40a9
	- fabric-renderer-indigo 0.6.9+1f92344ea9
	- fabric-rendering-data-attachment-v1 0.3.12+9ff28f40a9
	- fabric-rendering-fluids-v1 3.0.5+9ff28f40a9
	- fabric-rendering-v1 1.10.14+9ff28f40a9
	- fabric-resource-conditions-api-v1 2.0.9+e62f51a3a9
	- fabric-resource-loader-v0 0.5.5+a6d2f785a9
	- fabric-screen-api-v1 1.0.24+f05effafa9
	- fabric-screen-handler-api-v1 1.2.6+9ff28f40a9
	- fabric-textures-v0 1.0.18+9ff28f40a9
	- fabric-transfer-api-v1 2.0.9+e62f51a3a9
	- fabric-transitive-access-wideners-v1 1.1.1+9e7660c6a9
	- fabricloader 0.14.8
	- java 18
	- minecraft 1.19
[21:27:13] [main/INFO] (FabricLoader/Mixin) SpongePowered MIXIN Subsystem Version=0.8.5 Source=file:/C:/Users/Oofer/.gradle/caches/modules-2/files-2.1/net.fabricmc/sponge-mixin/0.11.4+mixin.0.8.5/c1dc27696aa4006e492c2485c9ccbcb26045a971/sponge-mixin-0.11.4+mixin.0.8.5.jar Service=Knot/Fabric Env=CLIENT
[21:27:13] [main/INFO] (FabricLoader/Mixin) Loaded Fabric development mappings for mixin remapper!
[21:27:13] [main/INFO] (FabricLoader/Mixin) Compatibility level set to JAVA_16
[21:27:13] [main/INFO] (FabricLoader/Mixin) Compatibility level set to JAVA_17
[21:27:15] [main/WARN] (FileUtil) Configuration conflict: there is more than one oshi.properties file on the classpath
[21:27:15] [main/WARN] (FileUtil) Configuration conflict: there is more than one oshi.architecture.properties file on the classpath
[21:27:19] [main/INFO] (Minecraft) Building optimized datafixer
[21:27:39] [Render thread/INFO] (Minecraft) Environment: authHost='https://authserver.mojang.com', accountsHost='https://api.mojang.com', sessionHost='https://sessionserver.mojang.com', servicesHost='https://api.minecraftservices.com', name='PROD'
[21:27:41] [Render thread/ERROR] (fabric-screen-api-v1) Failed to verify authentication
com.mojang.authlib.exceptions.InvalidCredentialsException: Status: 401
	at com.mojang.authlib.exceptions.MinecraftClientHttpException.toAuthenticationException(MinecraftClientHttpException.java:56) ~[authlib-3.5.41.jar:?]
	at com.mojang.authlib.yggdrasil.YggdrasilUserApiService.fetchProperties(YggdrasilUserApiService.java:140) ~[authlib-3.5.41.jar:?]
	at com.mojang.authlib.yggdrasil.YggdrasilUserApiService.<init>(YggdrasilUserApiService.java:47) ~[authlib-3.5.41.jar:?]
	at com.mojang.authlib.yggdrasil.YggdrasilAuthenticationService.createUserApiService(YggdrasilAuthenticationService.java:158) ~[authlib-3.5.41.jar:?]
	at net.minecraft.client.MinecraftClient.createUserApiService(MinecraftClient.java:673) [minecraft-project-@-merged-named.jar:?]
	at net.minecraft.client.MinecraftClient.<init>(MinecraftClient.java:489) [minecraft-project-@-merged-named.jar:?]
	at net.minecraft.client.main.Main.main(Main.java:179) [minecraft-project-@-merged-named.jar:?]
	at net.fabricmc.loader.impl.game.minecraft.MinecraftGameProvider.launch(MinecraftGameProvider.java:461) [fabric-loader-0.14.8.jar:?]
	at net.fabricmc.loader.impl.launch.knot.Knot.launch(Knot.java:74) [fabric-loader-0.14.8.jar:?]
	at net.fabricmc.loader.impl.launch.knot.KnotClient.main(KnotClient.java:23) [fabric-loader-0.14.8.jar:?]
	at net.fabricmc.devlaunchinjector.Main.main(Main.java:86) [dev-launch-injector-0.2.1+build.8.jar:?]
Caused by: com.mojang.authlib.exceptions.MinecraftClientHttpException: Status: 401
	at com.mojang.authlib.minecraft.client.MinecraftClient.readInputStream(MinecraftClient.java:85) ~[authlib-3.5.41.jar:?]
	at com.mojang.authlib.minecraft.client.MinecraftClient.get(MinecraftClient.java:48) ~[authlib-3.5.41.jar:?]
	at com.mojang.authlib.yggdrasil.YggdrasilUserApiService.fetchProperties(YggdrasilUserApiService.java:121) ~[authlib-3.5.41.jar:?]
	... 9 more
[21:27:41] [Render thread/INFO] (fabric-screen-api-v1) Setting user: Player595
[21:27:43] [Render thread/WARN] (FileUtil) Configuration conflict: there is more than one oshi.architecture.properties file on the classpath
